#
# There is insufficient memory for the Java Runtime Environment to continue.
# Native memory allocation (mmap) failed to map 360448 bytes. Error detail: G1 virtual space
# Possible reasons:
#   The system is out of physical RAM or swap space
#   This process is running with CompressedOops enabled, and the Java Heap may be blocking the growth of the native heap
# Possible solutions:
#   Reduce memory load on the system
#   Increase physical memory or swap space
#   Check if swap backing store is full
#   Decrease Java heap size (-Xmx/-Xms)
#   Decrease number of Java threads
#   Decrease Java thread stack sizes (-Xss)
#   Set larger code cache with -XX:ReservedCodeCacheSize=
#   JVM is running with Unscaled Compressed Oops mode in which the Java heap is
#     placed in the first 4GB address space. The Java Heap base address is the
#     maximum limit for the native heap growth. Please use -XX:HeapBaseMinAddress
#     to set the Java Heap base and to place the Java Heap above 4GB virtual address.
# This output file may be truncated or incomplete.
#
#  Out of Memory Error (os_windows.cpp:3815), pid=27104, tid=22536
#
# JRE version: OpenJDK Runtime Environment (21.0.3) (build 21.0.3+-12282718-b509.11)
# Java VM: OpenJDK 64-Bit Server VM (21.0.3+-12282718-b509.11, mixed mode, tiered, compressed oops, compressed class ptrs, g1 gc, windows-amd64)
# No core dump will be written. Minidumps are not enabled by default on client versions of Windows
#

---------------  S U M M A R Y ------------

Command Line: org.jetbrains.kotlin.cli.jvm.K2JVMCompiler @C:\Users\HP\AndroidStudioProjects\ZenVault\app\build\20241209_9195124020547542651.compiler.options

Host: Intel(R) Core(TM) i5-8250U CPU @ 1.60GHz, 8 cores, 7G,  Windows 11 , 64 bit Build 22621 (10.0.22621.3958)
Time: Mon Dec  9 16:43:09 2024 W. Central Africa Standard Time elapsed time: 3.226682 seconds (0d 0h 0m 3s)

---------------  T H R E A D  ---------------

Current thread (0x00000202dbbeec00):  VMThread "VM Thread"          [id=22536, stack(0x000000bc21400000,0x000000bc21500000) (1024K)]

Stack: [0x000000bc21400000,0x000000bc21500000]
Native frames: (J=compiled Java code, j=interpreted, Vv=VM code, C=native code)
V  [jvm.dll+0x6cafb9]
V  [jvm.dll+0x858523]
V  [jvm.dll+0x85aa7e]
V  [jvm.dll+0x85b163]
V  [jvm.dll+0x27d356]
V  [jvm.dll+0x6c7865]
V  [jvm.dll+0x6bbd3a]
V  [jvm.dll+0x35199b]
V  [jvm.dll+0x3595d6]
V  [jvm.dll+0x3aa83b]
V  [jvm.dll+0x3aaaf8]
V  [jvm.dll+0x3240bc]
V  [jvm.dll+0x326ac6]
V  [jvm.dll+0x33092e]
V  [jvm.dll+0x3680c5]
V  [jvm.dll+0x860ac8]
V  [jvm.dll+0x861bc4]
V  [jvm.dll+0x862100]
V  [jvm.dll+0x862393]
V  [jvm.dll+0x800d78]
V  [jvm.dll+0x6c98cd]
C  [ucrtbase.dll+0x29333]
C  [KERNEL32.DLL+0x1257d]
C  [ntdll.dll+0x5af28]

VM_Operation (0x000000bc20fff780): G1PauseRemark, mode: safepoint, requested by thread 0x00000202c4629090


---------------  P R O C E S S  ---------------

Threads class SMR info:
_java_thread_list=0x00000202e0292e50, length=13, elements={
0x00000202c45c91b0, 0x00000202e0088e10, 0x00000202e0089b30, 0x00000202e00a89b0,
0x00000202e00aa580, 0x00000202e009f1a0, 0x00000202e009fc00, 0x00000202e00ad330,
0x00000202e00afde0, 0x00000202e025bd60, 0x00000202e0290140, 0x00000202e031a880,
0x00000202e031b340
}

Java Threads: ( => current thread )
  0x00000202c45c91b0 JavaThread "main"                              [_thread_blocked, id=28836, stack(0x000000bc20d00000,0x000000bc20e00000) (1024K)]
  0x00000202e0088e10 JavaThread "Reference Handler"          daemon [_thread_blocked, id=29124, stack(0x000000bc21500000,0x000000bc21600000) (1024K)]
  0x00000202e0089b30 JavaThread "Finalizer"                  daemon [_thread_blocked, id=27764, stack(0x000000bc21600000,0x000000bc21700000) (1024K)]
  0x00000202e00a89b0 JavaThread "Signal Dispatcher"          daemon [_thread_blocked, id=11788, stack(0x000000bc21700000,0x000000bc21800000) (1024K)]
  0x00000202e00aa580 JavaThread "Attach Listener"            daemon [_thread_blocked, id=28076, stack(0x000000bc21800000,0x000000bc21900000) (1024K)]
  0x00000202e009f1a0 JavaThread "Service Thread"             daemon [_thread_blocked, id=1776, stack(0x000000bc21900000,0x000000bc21a00000) (1024K)]
  0x00000202e009fc00 JavaThread "Monitor Deflation Thread"   daemon [_thread_blocked, id=29448, stack(0x000000bc21a00000,0x000000bc21b00000) (1024K)]
  0x00000202e00ad330 JavaThread "C2 CompilerThread0"         daemon [_thread_blocked, id=27784, stack(0x000000bc21b00000,0x000000bc21c00000) (1024K)]
  0x00000202e00afde0 JavaThread "C1 CompilerThread0"         daemon [_thread_blocked, id=25144, stack(0x000000bc21c00000,0x000000bc21d00000) (1024K)]
  0x00000202e025bd60 JavaThread "Notification Thread"        daemon [_thread_blocked, id=25936, stack(0x000000bc21d00000,0x000000bc21e00000) (1024K)]
  0x00000202e0290140 JavaThread "Common-Cleaner"             daemon [_thread_blocked, id=27136, stack(0x000000bc21e00000,0x000000bc21f00000) (1024K)]
  0x00000202e031a880 JavaThread "C2 CompilerThread1"         daemon [_thread_blocked, id=25912, stack(0x000000bc21f00000,0x000000bc22000000) (1024K)]
  0x00000202e031b340 JavaThread "C2 CompilerThread2"         daemon [_thread_blocked, id=26076, stack(0x000000bc22000000,0x000000bc22100000) (1024K)]
Total: 13

Other Threads:
=>0x00000202dbbeec00 VMThread "VM Thread"                           [id=22536, stack(0x000000bc21400000,0x000000bc21500000) (1024K)]
  0x00000202dbb83c20 WatcherThread "VM Periodic Task Thread"        [id=20152, stack(0x000000bc21300000,0x000000bc21400000) (1024K)]
  0x00000202c4618660 WorkerThread "GC Thread#0"                     [id=26032, stack(0x000000bc20e00000,0x000000bc20f00000) (1024K)]
  0x00000202e0a15b60 WorkerThread "GC Thread#1"                     [id=24780, stack(0x000000bc22100000,0x000000bc22200000) (1024K)]
  0x00000202e0a15f00 WorkerThread "GC Thread#2"                     [id=28452, stack(0x000000bc22200000,0x000000bc22300000) (1024K)]
  0x00000202e0a859e0 WorkerThread "GC Thread#3"                     [id=8772, stack(0x000000bc22300000,0x000000bc22400000) (1024K)]
  0x00000202e0a89d90 WorkerThread "GC Thread#4"                     [id=27272, stack(0x000000bc22400000,0x000000bc22500000) (1024K)]
  0x00000202e0a8ad40 WorkerThread "GC Thread#5"                     [id=27496, stack(0x000000bc22500000,0x000000bc22600000) (1024K)]
  0x00000202e0ed56d0 WorkerThread "GC Thread#6"                     [id=27060, stack(0x000000bc22600000,0x000000bc22700000) (1024K)]
  0x00000202e0ed5a70 WorkerThread "GC Thread#7"                     [id=25172, stack(0x000000bc22700000,0x000000bc22800000) (1024K)]
  0x00000202c4629090 ConcurrentGCThread "G1 Main Marker"            [id=11076, stack(0x000000bc20f00000,0x000000bc21000000) (1024K)]
  0x00000202c4629d60 WorkerThread "G1 Conc#0"                       [id=27456, stack(0x000000bc21000000,0x000000bc21100000) (1024K)]
  0x00000202e0ed4bf0 WorkerThread "G1 Conc#1"                       [id=27500, stack(0x000000bc22800000,0x000000bc22900000) (1024K)]
  0x00000202dba54220 ConcurrentGCThread "G1 Refine#0"               [id=12064, stack(0x000000bc21100000,0x000000bc21200000) (1024K)]
  0x00000202dba54ba0 ConcurrentGCThread "G1 Service"                [id=29692, stack(0x000000bc21200000,0x000000bc21300000) (1024K)]
Total: 15

Threads with active compile tasks:
C2 CompilerThread0     3259 3826       4       org.jetbrains.org.objectweb.asm.ClassReader::accept (1380 bytes)
C2 CompilerThread1     3259 3815   !   4       org.jetbrains.kotlin.metadata.ProtoBuf$Property::<init> (1283 bytes)
C2 CompilerThread2     3260 3830       4       org.jetbrains.kotlin.protobuf.GeneratedMessageLite::parseUnknownField (518 bytes)
Total: 3

VM state: at safepoint (normal execution)

VM Mutex/Monitor currently owned by a thread:  ([mutex/lock_event])
[0x00007fff268420c8] Threads_lock - owner thread: 0x00000202dbbeec00
[0x00007fff268421c8] Heap_lock - owner thread: 0x00000202c4629090

Heap address: 0x0000000082600000, size: 2010 MB, Compressed Oops mode: 32-bit

CDS archive(s) not mapped
Compressed class space mapped at: 0x0000000100000000-0x0000000140000000, reserved size: 1073741824
Narrow klass base: 0x0000000000000000, Narrow klass shift: 3, Narrow klass range: 0x140000000

GC Precious Log:
 CardTable entry size: 512
 Card Set container configuration: InlinePtr #cards 5 size 8 Array Of Cards #cards 12 size 40 Howl #buckets 4 coarsen threshold 1843 Howl Bitmap #cards 512 size 80 coarsen threshold 460 Card regions per heap region 1 cards per card region 2048
 CPUs: 8 total, 8 available
 Memory: 8035M
 Large Page Support: Disabled
 NUMA Support: Disabled
 Compressed Oops: Enabled (32-bit)
 Heap Region Size: 1M
 Heap Min Capacity: 8M
 Heap Initial Capacity: 126M
 Heap Max Capacity: 2010M
 Pre-touch: Disabled
 Parallel Workers: 8
 Concurrent Workers: 2
 Concurrent Refinement Workers: 8
 Periodic GC: Disabled

Heap:
 garbage-first heap   total 89088K, used 68055K [0x0000000082600000, 0x0000000100000000)
  region size 1024K, 13 young (13312K), 4 survivors (4096K)
 Metaspace       used 48380K, committed 48704K, reserved 1114112K
  class space    used 5580K, committed 5696K, reserved 1048576K

Heap Regions: E=young(eden), S=young(survivor), O=old, HS=humongous(starts), HC=humongous(continues), CS=collection set, F=free, TAMS=top-at-mark-start, PB=parsable bottom
|   0|0x0000000082600000, 0x0000000082700000, 0x0000000082700000|100%|HS|  |TAMS 0x0000000082700000| PB 0x0000000082600000| Complete 
|   1|0x0000000082700000, 0x0000000082800000, 0x0000000082800000|100%|HC|  |TAMS 0x0000000082800000| PB 0x0000000082700000| Complete 
|   2|0x0000000082800000, 0x0000000082900000, 0x0000000082900000|100%|HC|  |TAMS 0x0000000082900000| PB 0x0000000082800000| Complete 
|   3|0x0000000082900000, 0x0000000082a00000, 0x0000000082a00000|100%| O|  |TAMS 0x0000000082a00000| PB 0x0000000082a00000| Untracked 
|   4|0x0000000082a00000, 0x0000000082b00000, 0x0000000082b00000|100%| O|  |TAMS 0x0000000082b00000| PB 0x0000000082b00000| Updating 
|   5|0x0000000082b00000, 0x0000000082bf5e10, 0x0000000082c00000| 96%| O|  |TAMS 0x0000000082bf5e10| PB 0x0000000082bf5e10| Updating 
|   6|0x0000000082c00000, 0x0000000082d00000, 0x0000000082d00000|100%| O|  |TAMS 0x0000000082d00000| PB 0x0000000082d00000| Untracked 
|   7|0x0000000082d00000, 0x0000000082e00000, 0x0000000082e00000|100%| O|  |TAMS 0x0000000082e00000| PB 0x0000000082e00000| Untracked 
|   8|0x0000000082e00000, 0x0000000082f00000, 0x0000000082f00000|100%| O|  |TAMS 0x0000000082f00000| PB 0x0000000082f00000| Untracked 
|   9|0x0000000082f00000, 0x0000000083000000, 0x0000000083000000|100%| O|  |TAMS 0x0000000083000000| PB 0x0000000083000000| Untracked 
|  10|0x0000000083000000, 0x0000000083100000, 0x0000000083100000|100%| O|  |TAMS 0x0000000083100000| PB 0x0000000083100000| Untracked 
|  11|0x0000000083100000, 0x0000000083200000, 0x0000000083200000|100%| O|  |TAMS 0x0000000083200000| PB 0x0000000083200000| Untracked 
|  12|0x0000000083200000, 0x0000000083300000, 0x0000000083300000|100%| O|  |TAMS 0x0000000083300000| PB 0x0000000083300000| Untracked 
|  13|0x0000000083300000, 0x0000000083400000, 0x0000000083400000|100%| O|  |TAMS 0x0000000083400000| PB 0x0000000083400000| Untracked 
|  14|0x0000000083400000, 0x0000000083500000, 0x0000000083500000|100%| O|  |TAMS 0x0000000083500000| PB 0x0000000083500000| Untracked 
|  15|0x0000000083500000, 0x0000000083600000, 0x0000000083600000|100%| O|  |TAMS 0x0000000083600000| PB 0x0000000083600000| Updating 
|  16|0x0000000083600000, 0x0000000083700000, 0x0000000083700000|100%| O|  |TAMS 0x0000000083700000| PB 0x0000000083700000| Untracked 
|  17|0x0000000083700000, 0x0000000083800000, 0x0000000083800000|100%| O|  |TAMS 0x0000000083800000| PB 0x0000000083800000| Updating 
|  18|0x0000000083800000, 0x0000000083900000, 0x0000000083900000|100%| O|  |TAMS 0x0000000083900000| PB 0x0000000083900000| Untracked 
|  19|0x0000000083900000, 0x0000000083a00000, 0x0000000083a00000|100%| O|  |TAMS 0x0000000083900000| PB 0x0000000083900000| Untracked 
|  20|0x0000000083a00000, 0x0000000083b00000, 0x0000000083b00000|100%| O|  |TAMS 0x0000000083b00000| PB 0x0000000083b00000| Untracked 
|  21|0x0000000083b00000, 0x0000000083c00000, 0x0000000083c00000|100%| O|  |TAMS 0x0000000083c00000| PB 0x0000000083c00000| Untracked 
|  22|0x0000000083c00000, 0x0000000083d00000, 0x0000000083d00000|100%| O|  |TAMS 0x0000000083d00000| PB 0x0000000083d00000| Untracked 
|  23|0x0000000083d00000, 0x0000000083e00000, 0x0000000083e00000|100%| O|  |TAMS 0x0000000083e00000| PB 0x0000000083e00000| Untracked 
|  24|0x0000000083e00000, 0x0000000083f00000, 0x0000000083f00000|100%| O|  |TAMS 0x0000000083f00000| PB 0x0000000083f00000| Untracked 
|  25|0x0000000083f00000, 0x0000000084000000, 0x0000000084000000|100%| O|  |TAMS 0x0000000084000000| PB 0x0000000084000000| Untracked 
|  26|0x0000000084000000, 0x0000000084100000, 0x0000000084100000|100%| O|  |TAMS 0x0000000084100000| PB 0x0000000084100000| Untracked 
|  27|0x0000000084100000, 0x0000000084200000, 0x0000000084200000|100%| O|  |TAMS 0x0000000084200000| PB 0x0000000084200000| Untracked 
|  28|0x0000000084200000, 0x0000000084300000, 0x0000000084300000|100%| O|  |TAMS 0x0000000084300000| PB 0x0000000084300000| Untracked 
|  29|0x0000000084300000, 0x0000000084400000, 0x0000000084400000|100%| O|  |TAMS 0x0000000084400000| PB 0x0000000084400000| Untracked 
|  30|0x0000000084400000, 0x0000000084500000, 0x0000000084500000|100%| O|  |TAMS 0x0000000084500000| PB 0x0000000084500000| Updating 
|  31|0x0000000084500000, 0x0000000084600000, 0x0000000084600000|100%| O|  |TAMS 0x0000000084600000| PB 0x0000000084600000| Untracked 
|  32|0x0000000084600000, 0x0000000084700000, 0x0000000084700000|100%| O|  |TAMS 0x0000000084700000| PB 0x0000000084700000| Untracked 
|  33|0x0000000084700000, 0x0000000084800000, 0x0000000084800000|100%| O|  |TAMS 0x0000000084800000| PB 0x0000000084800000| Untracked 
|  34|0x0000000084800000, 0x0000000084900000, 0x0000000084900000|100%| O|  |TAMS 0x0000000084900000| PB 0x0000000084900000| Updating 
|  35|0x0000000084900000, 0x0000000084a00000, 0x0000000084a00000|100%| O|  |TAMS 0x0000000084a00000| PB 0x0000000084a00000| Untracked 
|  36|0x0000000084a00000, 0x0000000084b00000, 0x0000000084b00000|100%| O|  |TAMS 0x0000000084b00000| PB 0x0000000084b00000| Untracked 
|  37|0x0000000084b00000, 0x0000000084c00000, 0x0000000084c00000|100%| O|  |TAMS 0x0000000084c00000| PB 0x0000000084c00000| Untracked 
|  38|0x0000000084c00000, 0x0000000084d00000, 0x0000000084d00000|100%| O|  |TAMS 0x0000000084d00000| PB 0x0000000084d00000| Untracked 
|  39|0x0000000084d00000, 0x0000000084e00000, 0x0000000084e00000|100%| O|  |TAMS 0x0000000084e00000| PB 0x0000000084e00000| Untracked 
|  40|0x0000000084e00000, 0x0000000084f00000, 0x0000000084f00000|100%| O|  |TAMS 0x0000000084f00000| PB 0x0000000084f00000| Untracked 
|  41|0x0000000084f00000, 0x0000000085000000, 0x0000000085000000|100%| O|  |TAMS 0x0000000085000000| PB 0x0000000085000000| Untracked 
|  42|0x0000000085000000, 0x0000000085100000, 0x0000000085100000|100%| O|  |TAMS 0x0000000085100000| PB 0x0000000085100000| Untracked 
|  43|0x0000000085100000, 0x0000000085200000, 0x0000000085200000|100%| O|  |TAMS 0x0000000085200000| PB 0x0000000085200000| Updating 
|  44|0x0000000085200000, 0x0000000085300000, 0x0000000085300000|100%| O|  |TAMS 0x0000000085300000| PB 0x0000000085300000| Untracked 
|  45|0x0000000085300000, 0x0000000085400000, 0x0000000085400000|100%| O|  |TAMS 0x0000000085400000| PB 0x0000000085400000| Untracked 
|  46|0x0000000085400000, 0x0000000085500000, 0x0000000085500000|100%| O|  |TAMS 0x0000000085500000| PB 0x0000000085500000| Untracked 
|  47|0x0000000085500000, 0x0000000085600000, 0x0000000085600000|100%| O|  |TAMS 0x0000000085600000| PB 0x0000000085600000| Updating 
|  48|0x0000000085600000, 0x0000000085700000, 0x0000000085700000|100%| O|  |TAMS 0x0000000085600000| PB 0x0000000085600000| Untracked 
|  49|0x0000000085700000, 0x0000000085800000, 0x0000000085800000|100%| O|  |TAMS 0x0000000085700000| PB 0x0000000085700000| Untracked 
|  50|0x0000000085800000, 0x0000000085900000, 0x0000000085900000|100%| O|  |TAMS 0x0000000085800000| PB 0x0000000085800000| Untracked 
|  51|0x0000000085900000, 0x0000000085a00000, 0x0000000085a00000|100%| O|  |TAMS 0x0000000085900000| PB 0x0000000085900000| Untracked 
|  52|0x0000000085a00000, 0x0000000085a00000, 0x0000000085b00000|  0%| F|  |TAMS 0x0000000085a00000| PB 0x0000000085a00000| Untracked 
|  53|0x0000000085b00000, 0x0000000085b00000, 0x0000000085c00000|  0%| F|  |TAMS 0x0000000085b00000| PB 0x0000000085b00000| Untracked 
|  54|0x0000000085c00000, 0x0000000085c80000, 0x0000000085d00000| 50%| O|  |TAMS 0x0000000085c00000| PB 0x0000000085c00000| Updating 
|  55|0x0000000085d00000, 0x0000000085d00000, 0x0000000085e00000|  0%| F|  |TAMS 0x0000000085d00000| PB 0x0000000085d00000| Untracked 
|  56|0x0000000085e00000, 0x0000000085e00000, 0x0000000085f00000|  0%| F|  |TAMS 0x0000000085e00000| PB 0x0000000085e00000| Untracked 
|  57|0x0000000085f00000, 0x0000000085f00000, 0x0000000086000000|  0%| F|  |TAMS 0x0000000085f00000| PB 0x0000000085f00000| Untracked 
|  58|0x0000000086000000, 0x0000000086000000, 0x0000000086100000|  0%| F|  |TAMS 0x0000000086000000| PB 0x0000000086000000| Untracked 
|  59|0x0000000086100000, 0x0000000086100000, 0x0000000086200000|  0%| F|  |TAMS 0x0000000086100000| PB 0x0000000086100000| Untracked 
|  60|0x0000000086200000, 0x0000000086300000, 0x0000000086300000|100%| S|CS|TAMS 0x0000000086200000| PB 0x0000000086200000| Complete 
|  61|0x0000000086300000, 0x0000000086400000, 0x0000000086400000|100%| S|CS|TAMS 0x0000000086300000| PB 0x0000000086300000| Complete 
|  62|0x0000000086400000, 0x0000000086500000, 0x0000000086500000|100%| S|CS|TAMS 0x0000000086400000| PB 0x0000000086400000| Complete 
|  63|0x0000000086500000, 0x0000000086600000, 0x0000000086600000|100%| S|CS|TAMS 0x0000000086500000| PB 0x0000000086500000| Complete 
|  64|0x0000000086600000, 0x0000000086600000, 0x0000000086700000|  0%| F|  |TAMS 0x0000000086600000| PB 0x0000000086600000| Untracked 
|  65|0x0000000086700000, 0x0000000086700000, 0x0000000086800000|  0%| F|  |TAMS 0x0000000086700000| PB 0x0000000086700000| Untracked 
|  66|0x0000000086800000, 0x0000000086800000, 0x0000000086900000|  0%| F|  |TAMS 0x0000000086800000| PB 0x0000000086800000| Untracked 
|  67|0x0000000086900000, 0x0000000086900000, 0x0000000086a00000|  0%| F|  |TAMS 0x0000000086900000| PB 0x0000000086900000| Untracked 
|  68|0x0000000086a00000, 0x0000000086a00000, 0x0000000086b00000|  0%| F|  |TAMS 0x0000000086a00000| PB 0x0000000086a00000| Untracked 
|  69|0x0000000086b00000, 0x0000000086b00000, 0x0000000086c00000|  0%| F|  |TAMS 0x0000000086b00000| PB 0x0000000086b00000| Untracked 
|  70|0x0000000086c00000, 0x0000000086c00000, 0x0000000086d00000|  0%| F|  |TAMS 0x0000000086c00000| PB 0x0000000086c00000| Untracked 
|  71|0x0000000086d00000, 0x0000000086d00000, 0x0000000086e00000|  0%| F|  |TAMS 0x0000000086d00000| PB 0x0000000086d00000| Untracked 
|  72|0x0000000086e00000, 0x0000000086e00000, 0x0000000086f00000|  0%| F|  |TAMS 0x0000000086e00000| PB 0x0000000086e00000| Untracked 
|  73|0x0000000086f00000, 0x0000000086f00000, 0x0000000087000000|  0%| F|  |TAMS 0x0000000086f00000| PB 0x0000000086f00000| Untracked 
|  74|0x0000000087000000, 0x0000000087000000, 0x0000000087100000|  0%| F|  |TAMS 0x0000000087000000| PB 0x0000000087000000| Untracked 
|  75|0x0000000087100000, 0x0000000087100000, 0x0000000087200000|  0%| F|  |TAMS 0x0000000087100000| PB 0x0000000087100000| Untracked 
|  76|0x0000000087200000, 0x000000008726cfb0, 0x0000000087300000| 42%| E|  |TAMS 0x0000000087200000| PB 0x0000000087200000| Complete 
|  77|0x0000000087300000, 0x0000000087400000, 0x0000000087400000|100%| E|CS|TAMS 0x0000000087300000| PB 0x0000000087300000| Complete 
|  78|0x0000000087400000, 0x0000000087500000, 0x0000000087500000|100%| E|CS|TAMS 0x0000000087400000| PB 0x0000000087400000| Complete 
|  79|0x0000000087500000, 0x0000000087600000, 0x0000000087600000|100%| E|CS|TAMS 0x0000000087500000| PB 0x0000000087500000| Complete 
|  80|0x0000000087600000, 0x0000000087700000, 0x0000000087700000|100%| E|CS|TAMS 0x0000000087600000| PB 0x0000000087600000| Complete 
|  81|0x0000000087700000, 0x0000000087800000, 0x0000000087800000|100%| E|CS|TAMS 0x0000000087700000| PB 0x0000000087700000| Complete 
| 104|0x0000000088e00000, 0x0000000088f00000, 0x0000000088f00000|100%| E|CS|TAMS 0x0000000088e00000| PB 0x0000000088e00000| Complete 
| 105|0x0000000088f00000, 0x0000000089000000, 0x0000000089000000|100%| E|CS|TAMS 0x0000000088f00000| PB 0x0000000088f00000| Complete 
| 125|0x000000008a300000, 0x000000008a400000, 0x000000008a400000|100%| E|CS|TAMS 0x000000008a300000| PB 0x000000008a300000| Complete 
|2008|0x00000000ffe00000, 0x00000000fff00000, 0x00000000fff00000|100%| O|  |TAMS 0x00000000fff00000| PB 0x00000000fff00000| Updating 
|2009|0x00000000fff00000, 0x0000000100000000, 0x0000000100000000|100%| O|  |TAMS 0x0000000100000000| PB 0x0000000100000000| Untracked 

Card table byte_map: [0x00000202d6e00000,0x00000202d71f0000] _byte_map_base: 0x00000202d69ed000

Marking Bits: (CMBitMap*) 0x00000202c4618c70
 Bits: [0x00000202d71f0000, 0x00000202d9158000)

Polling page: 0x00000202c25a0000

Metaspace:

Usage:
  Non-class:     41.80 MB used.
      Class:      5.45 MB used.
       Both:     47.25 MB used.

Virtual space:
  Non-class space:       64.00 MB reserved,      42.00 MB ( 66%) committed,  1 nodes.
      Class space:        1.00 GB reserved,       5.56 MB ( <1%) committed,  1 nodes.
             Both:        1.06 GB reserved,      47.56 MB (  4%) committed. 

Chunk freelists:
   Non-Class:  5.67 MB
       Class:  10.39 MB
        Both:  16.06 MB

MaxMetaspaceSize: unlimited
CompressedClassSpaceSize: 1.00 GB
Initial GC threshold: 21.00 MB
Current GC threshold: 79.06 MB
CDS: off
 - commit_granule_bytes: 65536.
 - commit_granule_words: 8192.
 - virtual_space_node_default_size: 8388608.
 - enlarge_chunks_in_place: 1.
 - use_allocation_guard: 0.


Internal statistics:

num_allocs_failed_limit: 3.
num_arena_births: 230.
num_arena_deaths: 0.
num_vsnodes_births: 2.
num_vsnodes_deaths: 0.
num_space_committed: 761.
num_space_uncommitted: 0.
num_chunks_returned_to_freelist: 3.
num_chunks_taken_from_freelist: 1644.
num_chunk_merges: 3.
num_chunk_splits: 1344.
num_chunks_enlarged: 1211.
num_inconsistent_stats: 0.

CodeHeap 'non-profiled nmethods': size=120000Kb used=1837Kb max_used=2062Kb free=118162Kb
 bounds [0x00000202cf1b0000, 0x00000202cf420000, 0x00000202d66e0000]
CodeHeap 'profiled nmethods': size=120000Kb used=6814Kb max_used=8022Kb free=113185Kb
 bounds [0x00000202c76e0000, 0x00000202c7ec0000, 0x00000202cec10000]
CodeHeap 'non-nmethods': size=5760Kb used=1577Kb max_used=1640Kb free=4182Kb
 bounds [0x00000202cec10000, 0x00000202cee80000, 0x00000202cf1b0000]
 total_blobs=3893 nmethods=3247 adapters=550
 compilation: enabled
              stopped_count=0, restarted_count=0
 full_count=0

Compilation events (20 events):
Event: 3.189 Thread 0x00000202e00afde0 3847       3       java.util.LinkedHashMap$LinkedKeySet::size (8 bytes)
Event: 3.189 Thread 0x00000202e00afde0 nmethod 3847 0x00000202c7713e90 code [0x00000202c7714020, 0x00000202c7714138]
Event: 3.189 Thread 0x00000202e00afde0 3841       1       org.jetbrains.kotlin.metadata.ProtoBuf$Package::getFunctionList (5 bytes)
Event: 3.189 Thread 0x00000202e00afde0 nmethod 3841 0x00000202cf3b3210 code [0x00000202cf3b33a0, 0x00000202cf3b3468]
Event: 3.189 Thread 0x00000202e00afde0 3842       1       org.jetbrains.kotlin.metadata.ProtoBuf$Package::getPropertyList (5 bytes)
Event: 3.189 Thread 0x00000202e00afde0 nmethod 3842 0x00000202cf3b3510 code [0x00000202cf3b36a0, 0x00000202cf3b3768]
Event: 3.189 Thread 0x00000202e00afde0 3848       3       org.jetbrains.kotlin.fir.deserialization.PackagePartsCacheData::getTopLevelFunctionNameIndex (15 bytes)
Event: 3.189 Thread 0x00000202e00afde0 nmethod 3848 0x00000202c770b110 code [0x00000202c770b2c0, 0x00000202c770b588]
Event: 3.189 Thread 0x00000202e00afde0 3849       3       org.jetbrains.kotlin.fir.deserialization.PackagePartsCacheData$$Lambda/0x000000010050a7a0::invoke (8 bytes)
Event: 3.189 Thread 0x00000202e00afde0 nmethod 3849 0x00000202c7786010 code [0x00000202c77861c0, 0x00000202c77862f8]
Event: 3.190 Thread 0x00000202e00afde0 3850       3       org.jetbrains.kotlin.fir.deserialization.PackagePartsCacheData::getTopLevelPropertyNameIndex (15 bytes)
Event: 3.190 Thread 0x00000202e00afde0 nmethod 3850 0x00000202c771f610 code [0x00000202c771f7c0, 0x00000202c771fa88]
Event: 3.190 Thread 0x00000202e00afde0 3852       3       org.jetbrains.kotlin.fir.deserialization.PackagePartsCacheData::topLevelPropertyNameIndex_delegate$lambda$5 (211 bytes)
Event: 3.193 Thread 0x00000202e00afde0 nmethod 3852 0x00000202c78c4b10 code [0x00000202c78c4fe0, 0x00000202c78c72b8]
Event: 3.193 Thread 0x00000202e00afde0 3853       3       org.jetbrains.kotlin.fir.deserialization.PackagePartsCacheData::topLevelFunctionNameIndex_delegate$lambda$2 (211 bytes)
Event: 3.195 Thread 0x00000202e00afde0 nmethod 3853 0x00000202c78e2910 code [0x00000202c78e2de0, 0x00000202c78e50c8]
Event: 3.195 Thread 0x00000202e00afde0 3851       3       org.jetbrains.kotlin.fir.deserialization.PackagePartsCacheData$$Lambda/0x000000010050a9e0::invoke (8 bytes)
Event: 3.195 Thread 0x00000202e00afde0 nmethod 3851 0x00000202c779b690 code [0x00000202c779b840, 0x00000202c779b978]
Event: 3.203 Thread 0x00000202e00afde0 3858       1       org.jetbrains.kotlin.name.CallableId::getCallableName (5 bytes)
Event: 3.203 Thread 0x00000202e00afde0 nmethod 3858 0x00000202cf3b3810 code [0x00000202cf3b39a0, 0x00000202cf3b3a68]

GC Heap History (20 events):
Event: 1.566 GC heap before
{Heap before GC invocations=6 (full 0):
 garbage-first heap   total 41984K, used 32727K [0x0000000082600000, 0x0000000100000000)
  region size 1024K, 14 young (14336K), 1 survivors (1024K)
 Metaspace       used 31422K, committed 31680K, reserved 1114112K
  class space    used 3862K, committed 3968K, reserved 1048576K
}
Event: 1.572 GC heap after
{Heap after GC invocations=7 (full 0):
 garbage-first heap   total 41984K, used 22099K [0x0000000082600000, 0x0000000100000000)
  region size 1024K, 2 young (2048K), 2 survivors (2048K)
 Metaspace       used 31422K, committed 31680K, reserved 1114112K
  class space    used 3862K, committed 3968K, reserved 1048576K
}
Event: 1.694 GC heap before
{Heap before GC invocations=8 (full 0):
 garbage-first heap   total 41984K, used 33363K [0x0000000082600000, 0x0000000100000000)
  region size 1024K, 14 young (14336K), 2 survivors (2048K)
 Metaspace       used 33953K, committed 34240K, reserved 1114112K
  class space    used 4136K, committed 4288K, reserved 1048576K
}
Event: 1.697 GC heap after
{Heap after GC invocations=9 (full 0):
 garbage-first heap   total 41984K, used 22696K [0x0000000082600000, 0x0000000100000000)
  region size 1024K, 1 young (1024K), 1 survivors (1024K)
 Metaspace       used 33953K, committed 34240K, reserved 1114112K
  class space    used 4136K, committed 4288K, reserved 1048576K
}
Event: 1.861 GC heap before
{Heap before GC invocations=9 (full 0):
 garbage-first heap   total 41984K, used 33960K [0x0000000082600000, 0x0000000100000000)
  region size 1024K, 13 young (13312K), 1 survivors (1024K)
 Metaspace       used 37680K, committed 37952K, reserved 1114112K
  class space    used 4507K, committed 4608K, reserved 1048576K
}
Event: 1.865 GC heap after
{Heap after GC invocations=10 (full 0):
 garbage-first heap   total 65536K, used 22764K [0x0000000082600000, 0x0000000100000000)
  region size 1024K, 1 young (1024K), 1 survivors (1024K)
 Metaspace       used 37680K, committed 37952K, reserved 1114112K
  class space    used 4507K, committed 4608K, reserved 1048576K
}
Event: 2.332 GC heap before
{Heap before GC invocations=10 (full 0):
 garbage-first heap   total 65536K, used 51436K [0x0000000082600000, 0x0000000100000000)
  region size 1024K, 30 young (30720K), 1 survivors (1024K)
 Metaspace       used 43939K, committed 44160K, reserved 1114112K
  class space    used 5154K, committed 5248K, reserved 1048576K
}
Event: 2.338 GC heap after
{Heap after GC invocations=11 (full 0):
 garbage-first heap   total 65536K, used 25584K [0x0000000082600000, 0x0000000100000000)
  region size 1024K, 4 young (4096K), 4 survivors (4096K)
 Metaspace       used 43939K, committed 44160K, reserved 1114112K
  class space    used 5154K, committed 5248K, reserved 1048576K
}
Event: 2.698 GC heap before
{Heap before GC invocations=11 (full 0):
 garbage-first heap   total 65536K, used 52208K [0x0000000082600000, 0x0000000100000000)
  region size 1024K, 30 young (30720K), 4 survivors (4096K)
 Metaspace       used 45925K, committed 46208K, reserved 1114112K
  class space    used 5323K, committed 5440K, reserved 1048576K
}
Event: 2.711 GC heap after
{Heap after GC invocations=12 (full 0):
 garbage-first heap   total 65536K, used 32337K [0x0000000082600000, 0x0000000100000000)
  region size 1024K, 4 young (4096K), 4 survivors (4096K)
 Metaspace       used 45925K, committed 46208K, reserved 1114112K
  class space    used 5323K, committed 5440K, reserved 1048576K
}
Event: 2.899 GC heap before
{Heap before GC invocations=12 (full 0):
 garbage-first heap   total 65536K, used 53841K [0x0000000082600000, 0x0000000100000000)
  region size 1024K, 25 young (25600K), 4 survivors (4096K)
 Metaspace       used 48154K, committed 48384K, reserved 1114112K
  class space    used 5567K, committed 5696K, reserved 1048576K
}
Event: 2.909 GC heap after
{Heap after GC invocations=13 (full 0):
 garbage-first heap   total 65536K, used 36467K [0x0000000082600000, 0x0000000100000000)
  region size 1024K, 4 young (4096K), 4 survivors (4096K)
 Metaspace       used 48154K, committed 48384K, reserved 1114112K
  class space    used 5567K, committed 5696K, reserved 1048576K
}
Event: 2.963 GC heap before
{Heap before GC invocations=13 (full 0):
 garbage-first heap   total 65536K, used 55923K [0x0000000082600000, 0x0000000100000000)
  region size 1024K, 23 young (23552K), 4 survivors (4096K)
 Metaspace       used 48246K, committed 48576K, reserved 1114112K
  class space    used 5567K, committed 5696K, reserved 1048576K
}
Event: 2.969 GC heap after
{Heap after GC invocations=14 (full 0):
 garbage-first heap   total 83968K, used 40830K [0x0000000082600000, 0x0000000100000000)
  region size 1024K, 3 young (3072K), 3 survivors (3072K)
 Metaspace       used 48246K, committed 48576K, reserved 1114112K
  class space    used 5567K, committed 5696K, reserved 1048576K
}
Event: 3.053 GC heap before
{Heap before GC invocations=15 (full 0):
 garbage-first heap   total 89088K, used 68478K [0x0000000082600000, 0x0000000100000000)
  region size 1024K, 30 young (30720K), 3 survivors (3072K)
 Metaspace       used 48247K, committed 48576K, reserved 1114112K
  class space    used 5567K, committed 5696K, reserved 1048576K
}
Event: 3.059 GC heap after
{Heap after GC invocations=16 (full 0):
 garbage-first heap   total 89088K, used 48049K [0x0000000082600000, 0x0000000100000000)
  region size 1024K, 4 young (4096K), 4 survivors (4096K)
 Metaspace       used 48247K, committed 48576K, reserved 1114112K
  class space    used 5567K, committed 5696K, reserved 1048576K
}
Event: 3.107 GC heap before
{Heap before GC invocations=16 (full 0):
 garbage-first heap   total 89088K, used 73649K [0x0000000082600000, 0x0000000100000000)
  region size 1024K, 29 young (29696K), 4 survivors (4096K)
 Metaspace       used 48248K, committed 48576K, reserved 1114112K
  class space    used 5568K, committed 5696K, reserved 1048576K
}
Event: 3.113 GC heap after
{Heap after GC invocations=17 (full 0):
 garbage-first heap   total 89088K, used 54231K [0x0000000082600000, 0x0000000100000000)
  region size 1024K, 4 young (4096K), 4 survivors (4096K)
 Metaspace       used 48248K, committed 48576K, reserved 1114112K
  class space    used 5568K, committed 5696K, reserved 1048576K
}
Event: 3.161 GC heap before
{Heap before GC invocations=17 (full 0):
 garbage-first heap   total 89088K, used 74711K [0x0000000082600000, 0x0000000100000000)
  region size 1024K, 25 young (25600K), 4 survivors (4096K)
 Metaspace       used 48248K, committed 48576K, reserved 1114112K
  class space    used 5568K, committed 5696K, reserved 1048576K
}
Event: 3.166 GC heap after
{Heap after GC invocations=18 (full 0):
 garbage-first heap   total 89088K, used 59863K [0x0000000082600000, 0x0000000100000000)
  region size 1024K, 4 young (4096K), 4 survivors (4096K)
 Metaspace       used 48248K, committed 48576K, reserved 1114112K
  class space    used 5568K, committed 5696K, reserved 1048576K
}

Dll operation events (3 events):
Event: 0.010 Loaded shared library C:\Program Files\Android\Android Studio\jbr\bin\java.dll
Event: 0.016 Loaded shared library C:\Program Files\Android\Android Studio\jbr\bin\zip.dll
Event: 0.844 Loaded shared library C:\Program Files\Android\Android Studio\jbr\bin\verify.dll

Deoptimization events (20 events):
Event: 2.970 Thread 0x00000202c45c91b0 Uncommon trap: trap_request=0xffffffdc fr.pc=0x00000202cf39a298 relative=0x0000000000000258
Event: 2.970 Thread 0x00000202c45c91b0 Uncommon trap: reason=class_check action=make_not_entrant pc=0x00000202cf39a298 method=java.util.ArrayList.toArray([Ljava/lang/Object;)[Ljava/lang/Object; @ 21 c2
Event: 2.970 Thread 0x00000202c45c91b0 DEOPT PACKING pc=0x00000202cf39a298 sp=0x000000bc20df94c0
Event: 2.970 Thread 0x00000202c45c91b0 DEOPT UNPACKING pc=0x00000202cec646a2 sp=0x000000bc20df9470 mode 2
Event: 2.979 Thread 0x00000202c45c91b0 Uncommon trap: trap_request=0xffffffcc fr.pc=0x00000202cf39be54 relative=0x0000000000000394
Event: 2.979 Thread 0x00000202c45c91b0 Uncommon trap: reason=intrinsic_or_type_checked_inlining action=make_not_entrant pc=0x00000202cf39be54 method=java.util.ArrayList.toArray([Ljava/lang/Object;)[Ljava/lang/Object; @ 36 c2
Event: 2.979 Thread 0x00000202c45c91b0 DEOPT PACKING pc=0x00000202cf39be54 sp=0x000000bc20df9e50
Event: 2.979 Thread 0x00000202c45c91b0 DEOPT UNPACKING pc=0x00000202cec646a2 sp=0x000000bc20df9e20 mode 2
Event: 3.014 Thread 0x00000202e0290140 Uncommon trap: trap_request=0xffffff45 fr.pc=0x00000202cf20b744 relative=0x00000000000000a4
Event: 3.014 Thread 0x00000202e0290140 Uncommon trap: reason=unstable_if action=reinterpret pc=0x00000202cf20b744 method=java.lang.ref.ReferenceQueue.poll()Ljava/lang/ref/Reference; @ 4 c2
Event: 3.014 Thread 0x00000202e0290140 DEOPT PACKING pc=0x00000202cf20b744 sp=0x000000bc21efeda0
Event: 3.014 Thread 0x00000202e0290140 DEOPT UNPACKING pc=0x00000202cec646a2 sp=0x000000bc21efec90 mode 2
Event: 3.014 Thread 0x00000202e0290140 Uncommon trap: trap_request=0xffffff45 fr.pc=0x00000202cf208d94 relative=0x0000000000000074
Event: 3.014 Thread 0x00000202e0290140 Uncommon trap: reason=unstable_if action=reinterpret pc=0x00000202cf208d94 method=java.lang.ref.ReferenceQueue.poll()Ljava/lang/ref/Reference; @ 4 c2
Event: 3.015 Thread 0x00000202e0290140 DEOPT PACKING pc=0x00000202cf208d94 sp=0x000000bc21efed00
Event: 3.015 Thread 0x00000202e0290140 DEOPT UNPACKING pc=0x00000202cec646a2 sp=0x000000bc21efec90 mode 2
Event: 3.118 Thread 0x00000202c45c91b0 Uncommon trap: trap_request=0xffffff5c fr.pc=0x00000202cf2456f4 relative=0x0000000000000114
Event: 3.118 Thread 0x00000202c45c91b0 Uncommon trap: reason=speculate_null_check action=make_not_entrant pc=0x00000202cf2456f4 method=org.jetbrains.kotlin.com.intellij.openapi.vfs.VfsUtilCore.isAncestor(Lorg/jetbrains/kotlin/com/intellij/openapi/vfs/VirtualFile;Lorg/jetbrains/kotlin/com/intel
Event: 3.118 Thread 0x00000202c45c91b0 DEOPT PACKING pc=0x00000202cf2456f4 sp=0x000000bc20df9d10
Event: 3.118 Thread 0x00000202c45c91b0 DEOPT UNPACKING pc=0x00000202cec646a2 sp=0x000000bc20df9c38 mode 2

Classes loaded (20 events):
Event: 1.924 Loading class jdk/internal/math/FloatingDecimal$ASCIIToBinaryBuffer
Event: 1.924 Loading class jdk/internal/math/FloatingDecimal$ASCIIToBinaryBuffer done
Event: 2.025 Loading class java/util/PriorityQueue
Event: 2.025 Loading class java/util/PriorityQueue done
Event: 2.148 Loading class java/security/AccessControlException
Event: 2.148 Loading class java/security/AccessControlException done
Event: 2.155 Loading class java/lang/annotation/ElementType
Event: 2.155 Loading class java/lang/annotation/ElementType done
Event: 2.155 Loading class java/lang/Deprecated
Event: 2.155 Loading class java/lang/Deprecated done
Event: 2.155 Loading class java/lang/Override
Event: 2.155 Loading class java/lang/Override done
Event: 2.307 Loading class java/text/StringCharacterIterator
Event: 2.307 Loading class java/text/CharacterIterator
Event: 2.307 Loading class java/text/CharacterIterator done
Event: 2.307 Loading class java/text/StringCharacterIterator done
Event: 2.501 Loading class java/util/ArrayList$SubList$1
Event: 2.501 Loading class java/util/ArrayList$SubList$1 done
Event: 2.582 Loading class java/util/AbstractList$ListItr
Event: 2.582 Loading class java/util/AbstractList$ListItr done

Classes unloaded (0 events):
No events

Classes redefined (0 events):
No events

Internal exceptions (20 events):
Event: 0.727 Thread 0x00000202c45c91b0 Exception <a 'java/lang/NoSuchMethodError'{0x0000000089819b00}: 'void java.lang.invoke.DirectMethodHandle$Holder.invokeStatic(java.lang.Object, java.lang.Object, java.lang.Object, java.lang.Object)'> (0x0000000089819b00) 
thrown [s\src\hotspot\share\interpreter\linkResolver.cpp, line 784]
Event: 0.769 Thread 0x00000202c45c91b0 Exception <a 'java/lang/NoSuchMethodError'{0x00000000895c1720}: 'void java.lang.invoke.DirectMethodHandle$Holder.invokeStaticInit(java.lang.Object, java.lang.Object)'> (0x00000000895c1720) 
thrown [s\src\hotspot\share\interpreter\linkResolver.cpp, line 784]
Event: 0.814 Thread 0x00000202c45c91b0 Exception <a 'java/lang/NoSuchMethodError'{0x000000008914a150}: 'void java.lang.invoke.Invokers$Holder.invokeExact_MT(java.lang.Object, int, java.lang.Object)'> (0x000000008914a150) 
thrown [s\src\hotspot\share\interpreter\linkResolver.cpp, line 784]
Event: 0.861 Thread 0x00000202c45c91b0 Exception <a 'java/lang/NoSuchMethodError'{0x00000000840ea720}: 'void java.lang.invoke.DirectMethodHandle$Holder.invokeVirtual(java.lang.Object, java.lang.Object)'> (0x00000000840ea720) 
thrown [s\src\hotspot\share\interpreter\linkResolver.cpp, line 784]
Event: 0.870 Thread 0x00000202c45c91b0 Exception <a 'java/lang/NoSuchMethodError'{0x0000000083f39438}: 'int java.lang.invoke.DirectMethodHandle$Holder.invokeVirtual(java.lang.Object, java.lang.Object)'> (0x0000000083f39438) 
thrown [s\src\hotspot\share\interpreter\linkResolver.cpp, line 784]
Event: 0.877 Thread 0x00000202c45c91b0 Exception <a 'java/lang/NoSuchMethodError'{0x0000000083f6f378}: 'long java.lang.invoke.DirectMethodHandle$Holder.invokeStatic(java.lang.Object, java.lang.Object, int)'> (0x0000000083f6f378) 
thrown [s\src\hotspot\share\interpreter\linkResolver.cpp, line 784]
Event: 0.878 Thread 0x00000202c45c91b0 Exception <a 'java/lang/NoSuchMethodError'{0x0000000083f7a130}: 'java.lang.Object java.lang.invoke.DelegatingMethodHandle$Holder.reinvoke_L(java.lang.Object, int, long, java.lang.Object, java.lang.Object, int, java.lang.Object)'> (0x0000000083f7a130) 
thrown [s\src\hotspot\share\interpreter\linkResolver.cpp, line 784]
Event: 0.882 Thread 0x00000202c45c91b0 Exception <a 'java/lang/NoSuchMethodError'{0x0000000083fa1268}: 'java.lang.Object java.lang.invoke.DirectMethodHandle$Holder.invokeStatic(java.lang.Object, java.lang.Object, int)'> (0x0000000083fa1268) 
thrown [s\src\hotspot\share\interpreter\linkResolver.cpp, line 784]
Event: 0.883 Thread 0x00000202c45c91b0 Exception <a 'java/lang/NoSuchMethodError'{0x0000000083fac4c8}: 'void java.lang.invoke.DelegatingMethodHandle$Holder.delegate(java.lang.Object, java.lang.Object, int, java.lang.Object)'> (0x0000000083fac4c8) 
thrown [s\src\hotspot\share\interpreter\linkResolver.cpp, line 784]
Event: 1.071 Thread 0x00000202c45c91b0 Exception <a 'java/lang/NoSuchMethodError'{0x0000000088f31ce8}: 'java.lang.Object java.lang.invoke.DirectMethodHandle$Holder.invokeStatic(java.lang.Object, java.lang.Object, int, java.lang.Object)'> (0x0000000088f31ce8) 
thrown [s\src\hotspot\share\interpreter\linkResolver.cpp, line 784]
Event: 1.578 Thread 0x00000202c45c91b0 Exception <a 'java/lang/NoSuchMethodError'{0x000000008a34c1d0}: 'java.lang.Object java.lang.invoke.DirectMethodHandle$Holder.newInvokeSpecial(java.lang.Object, java.lang.Object, java.lang.Object, java.lang.Object, java.lang.Object, java.lang.Object, java.lang.Object)'> (0x000000008a34c1d0) 
thrown [s\src\hotspot\share\interpreter\linkResolver.cpp, line 784]
Event: 1.736 Thread 0x00000202c45c91b0 Exception <a 'java/lang/NoSuchMethodError'{0x0000000084909558}: 'java.lang.Object java.lang.invoke.DirectMethodHandle$Holder.invokeVirtual(java.lang.Object, java.lang.Object, java.lang.Object)'> (0x0000000084909558) 
thrown [s\src\hotspot\share\interpreter\linkResolver.cpp, line 784]
Event: 1.758 Thread 0x00000202c45c91b0 Exception <a 'java/lang/NoSuchMethodError'{0x0000000084873d90}: 'java.lang.Object java.lang.invoke.DirectMethodHandle$Holder.newInvokeSpecial(java.lang.Object, java.lang.Object, int)'> (0x0000000084873d90) 
thrown [s\src\hotspot\share\interpreter\linkResolver.cpp, line 784]
Event: 1.827 Thread 0x00000202c45c91b0 Exception <a 'java/lang/NoSuchMethodError'{0x00000000843c5090}: 'int java.lang.invoke.DirectMethodHandle$Holder.invokeStaticInit(java.lang.Object, int)'> (0x00000000843c5090) 
thrown [s\src\hotspot\share\interpreter\linkResolver.cpp, line 784]
Event: 1.907 Thread 0x00000202c45c91b0 Implicit null exception at 0x00000202cf28fd63 to 0x00000202cf28fdf9
Event: 1.934 Thread 0x00000202c45c91b0 Implicit null exception at 0x00000202cf2a1394 to 0x00000202cf2a1fa0
Event: 2.224 Thread 0x00000202c45c91b0 Implicit null exception at 0x00000202cf2678c0 to 0x00000202cf267b98
Event: 2.719 Thread 0x00000202c45c91b0 Exception <a 'java/lang/NoSuchMethodError'{0x000000008a36fbf0}: 'java.lang.Object java.lang.invoke.DirectMethodHandle$Holder.invokeStaticInit(java.lang.Object, java.lang.Object, java.lang.Object, java.lang.Object)'> (0x000000008a36fbf0) 
thrown [s\src\hotspot\share\interpreter\linkResolver.cpp, line 784]
Event: 2.771 Thread 0x00000202c45c91b0 Exception <a 'java/lang/NoSuchMethodError'{0x00000000860c0360}: 'java.lang.Object java.lang.invoke.DirectMethodHandle$Holder.newInvokeSpecial(java.lang.Object, java.lang.Object, java.lang.Object, java.lang.Object, int, java.lang.Object, java.lang.Object)'> (0x00000000860c0360) 
thrown [s\src\hotspot\share\interpreter\linkResolver.cpp, line 784]
Event: 2.808 Thread 0x00000202c45c91b0 Exception <a 'java/lang/NoSuchMethodError'{0x0000000085d28aa8}: 'java.lang.Object java.lang.invoke.DirectMethodHandle$Holder.newInvokeSpecial(java.lang.Object, java.lang.Object, java.lang.Object, java.lang.Object, java.lang.Object, java.lang.Object)'> (0x0000000085d28aa8) 
thrown [s\src\hotspot\share\interpreter\linkResolver.cpp, line 784]

ZGC Phase Switch (0 events):
No events

VM Operations (20 events):
Event: 2.582 Executing VM operation: HandshakeAllThreads (Deoptimize) done
Event: 2.614 Executing VM operation: ICBufferFull
Event: 2.614 Executing VM operation: ICBufferFull done
Event: 2.697 Executing VM operation: G1CollectForAllocation (G1 Evacuation Pause)
Event: 2.711 Executing VM operation: G1CollectForAllocation (G1 Evacuation Pause) done
Event: 2.898 Executing VM operation: G1CollectForAllocation (G1 Evacuation Pause)
Event: 2.909 Executing VM operation: G1CollectForAllocation (G1 Evacuation Pause) done
Event: 2.963 Executing VM operation: G1CollectForAllocation (G1 Evacuation Pause)
Event: 2.969 Executing VM operation: G1CollectForAllocation (G1 Evacuation Pause) done
Event: 3.008 Executing VM operation: G1PauseRemark
Event: 3.014 Executing VM operation: G1PauseRemark done
Event: 3.034 Executing VM operation: G1PauseCleanup
Event: 3.034 Executing VM operation: G1PauseCleanup done
Event: 3.053 Executing VM operation: G1CollectForAllocation (G1 Evacuation Pause)
Event: 3.059 Executing VM operation: G1CollectForAllocation (G1 Evacuation Pause) done
Event: 3.107 Executing VM operation: G1CollectForAllocation (G1 Evacuation Pause)
Event: 3.113 Executing VM operation: G1CollectForAllocation (G1 Evacuation Pause) done
Event: 3.161 Executing VM operation: G1CollectForAllocation (G1 Evacuation Pause)
Event: 3.166 Executing VM operation: G1CollectForAllocation (G1 Evacuation Pause) done
Event: 3.218 Executing VM operation: G1PauseRemark

Events (20 events):
Event: 3.223 Thread 0x00000202dbbeec00 flushing nmethod 0x00000202cf264e90
Event: 3.223 Thread 0x00000202dbbeec00 flushing nmethod 0x00000202cf24bf90
Event: 3.223 Thread 0x00000202dbbeec00 flushing nmethod 0x00000202cf246410
Event: 3.223 Thread 0x00000202dbbeec00 flushing nmethod 0x00000202cf246010
Event: 3.223 Thread 0x00000202dbbeec00 flushing nmethod 0x00000202cf23c710
Event: 3.223 Thread 0x00000202dbbeec00 flushing nmethod 0x00000202cf200f10
Event: 3.223 Thread 0x00000202dbbeec00 flushing nmethod 0x00000202cf1ffc90
Event: 3.223 Thread 0x00000202dbbeec00 flushing nmethod 0x00000202cf209b90
Event: 3.223 Thread 0x00000202dbbeec00 flushing nmethod 0x00000202cf208e90
Event: 3.223 Thread 0x00000202dbbeec00 flushing nmethod 0x00000202cf208890
Event: 3.223 Thread 0x00000202dbbeec00 flushing nmethod 0x00000202cf1ecb90
Event: 3.223 Thread 0x00000202dbbeec00 flushing nmethod 0x00000202cf1f9d90
Event: 3.223 Thread 0x00000202dbbeec00 flushing nmethod 0x00000202cf1eba10
Event: 3.223 Thread 0x00000202dbbeec00 flushing nmethod 0x00000202cf1ead90
Event: 3.223 Thread 0x00000202dbbeec00 flushing nmethod 0x00000202cf1e6f10
Event: 3.223 Thread 0x00000202dbbeec00 flushing nmethod 0x00000202cf1e0390
Event: 3.223 Thread 0x00000202dbbeec00 flushing nmethod 0x00000202cf1d9c10
Event: 3.223 Thread 0x00000202dbbeec00 flushing nmethod 0x00000202cf1cb910
Event: 3.223 Thread 0x00000202dbbeec00 flushing nmethod 0x00000202cf1c9b90
Event: 3.223 Thread 0x00000202dbbeec00 flushing nmethod 0x00000202cf1c8a90


Dynamic libraries:
0x00007ff694270000 - 0x00007ff69427a000 	C:\Program Files\Android\Android Studio\jbr\bin\java.exe
0x00007fff8df90000 - 0x00007fff8e1a7000 	C:\WINDOWS\SYSTEM32\ntdll.dll
0x00007fff8d790000 - 0x00007fff8d854000 	C:\WINDOWS\System32\KERNEL32.DLL
0x00007fff8b590000 - 0x00007fff8b93d000 	C:\WINDOWS\System32\KERNELBASE.dll
0x000000006d570000 - 0x000000006d89e000 	C:\Program Files\Norton Security\NortonData\22.22.9.11\Definitions\IPSDefs\20241206.064_13\IPSEng64.dll
0x00007fff8cca0000 - 0x00007fff8cd52000 	C:\WINDOWS\System32\ADVAPI32.dll
0x00007fff8c700000 - 0x00007fff8c7a7000 	C:\WINDOWS\System32\msvcrt.dll
0x00007fff8db90000 - 0x00007fff8dc39000 	C:\WINDOWS\System32\sechost.dll
0x00007fff8b3a0000 - 0x00007fff8b3c8000 	C:\WINDOWS\System32\bcrypt.dll
0x00007fff8d9e0000 - 0x00007fff8daf4000 	C:\WINDOWS\System32\RPCRT4.dll
0x00007fff8d780000 - 0x00007fff8d788000 	C:\WINDOWS\System32\PSAPI.DLL
0x00007fff8b940000 - 0x00007fff8ba51000 	C:\WINDOWS\System32\ucrtbase.dll
0x00007fff82850000 - 0x00007fff82868000 	C:\Program Files\Android\Android Studio\jbr\bin\jli.dll
0x00007fff69570000 - 0x00007fff6958b000 	C:\Program Files\Android\Android Studio\jbr\bin\VCRUNTIME140.dll
0x00007fff8c310000 - 0x00007fff8c4be000 	C:\WINDOWS\System32\USER32.dll
0x00007fff8b2b0000 - 0x00007fff8b2d6000 	C:\WINDOWS\System32\win32u.dll
0x00007fff69ea0000 - 0x00007fff6a133000 	C:\WINDOWS\WinSxS\amd64_microsoft.windows.common-controls_6595b64144ccf1df_6.0.22621.3672_none_2713b9d173822955\COMCTL32.dll
0x00007fff8d750000 - 0x00007fff8d779000 	C:\WINDOWS\System32\GDI32.dll
0x00007fff8b470000 - 0x00007fff8b589000 	C:\WINDOWS\System32\gdi32full.dll
0x00007fff8b3d0000 - 0x00007fff8b46a000 	C:\WINDOWS\System32\msvcp_win.dll
0x00007fff8c4c0000 - 0x00007fff8c4f1000 	C:\WINDOWS\System32\IMM32.DLL
0x00007fff85750000 - 0x00007fff8575c000 	C:\Program Files\Android\Android Studio\jbr\bin\vcruntime140_1.dll
0x00007fff3c7e0000 - 0x00007fff3c86d000 	C:\Program Files\Android\Android Studio\jbr\bin\msvcp140.dll
0x00007fff25ca0000 - 0x00007fff2691d000 	C:\Program Files\Android\Android Studio\jbr\bin\server\jvm.dll
0x00007fff8d860000 - 0x00007fff8d8d1000 	C:\WINDOWS\System32\WS2_32.dll
0x00007fff8a120000 - 0x00007fff8a16d000 	C:\WINDOWS\SYSTEM32\POWRPROF.dll
0x00007fff7acf0000 - 0x00007fff7acfa000 	C:\WINDOWS\SYSTEM32\VERSION.dll
0x00007fff85610000 - 0x00007fff85644000 	C:\WINDOWS\SYSTEM32\WINMM.dll
0x00007fff8a100000 - 0x00007fff8a113000 	C:\WINDOWS\SYSTEM32\UMPDC.dll
0x00007fff8a3b0000 - 0x00007fff8a3c8000 	C:\WINDOWS\SYSTEM32\kernel.appcore.dll
0x00007fff82cb0000 - 0x00007fff82cba000 	C:\Program Files\Android\Android Studio\jbr\bin\jimage.dll
0x00007fff88ab0000 - 0x00007fff88ce2000 	C:\WINDOWS\SYSTEM32\DBGHELP.DLL
0x00007fff8bf80000 - 0x00007fff8c30e000 	C:\WINDOWS\System32\combase.dll
0x00007fff8de70000 - 0x00007fff8df47000 	C:\WINDOWS\System32\OLEAUT32.dll
0x00007fff61820000 - 0x00007fff61852000 	C:\WINDOWS\SYSTEM32\dbgcore.DLL
0x00007fff8bc40000 - 0x00007fff8bcbb000 	C:\WINDOWS\System32\bcryptPrimitives.dll
0x00007fff66dd0000 - 0x00007fff66def000 	C:\Program Files\Android\Android Studio\jbr\bin\java.dll
0x00007fff66410000 - 0x00007fff66428000 	C:\Program Files\Android\Android Studio\jbr\bin\zip.dll
0x00007fff8cdc0000 - 0x00007fff8d627000 	C:\WINDOWS\System32\SHELL32.dll
0x00007fff891c0000 - 0x00007fff89abf000 	C:\WINDOWS\SYSTEM32\windows.storage.dll
0x00007fff89080000 - 0x00007fff891bf000 	C:\WINDOWS\SYSTEM32\wintypes.dll
0x00007fff8d8e0000 - 0x00007fff8d9d9000 	C:\WINDOWS\System32\SHCORE.dll
0x00007fff8cd60000 - 0x00007fff8cdbe000 	C:\WINDOWS\System32\shlwapi.dll
0x00007fff8b1e0000 - 0x00007fff8b207000 	C:\WINDOWS\SYSTEM32\profapi.dll
0x00007fff82180000 - 0x00007fff82190000 	C:\Program Files\Android\Android Studio\jbr\bin\net.dll
0x00007fff86e60000 - 0x00007fff86f96000 	C:\WINDOWS\SYSTEM32\WINHTTP.dll
0x00007fff8a810000 - 0x00007fff8a879000 	C:\WINDOWS\system32\mswsock.dll
0x00007fff5baa0000 - 0x00007fff5bab6000 	C:\Program Files\Android\Android Studio\jbr\bin\nio.dll
0x00007fff6e140000 - 0x00007fff6e150000 	C:\Program Files\Android\Android Studio\jbr\bin\verify.dll

dbghelp: loaded successfully - version: 4.0.5 - missing functions: none
symbol engine: initialized successfully - sym options: 0x614 - pdb path: .;C:\Program Files\Android\Android Studio\jbr\bin;C:\WINDOWS\SYSTEM32;C:\Program Files\Norton Security\NortonData\22.22.9.11\Definitions\IPSDefs\20241206.064_13;C:\WINDOWS\WinSxS\amd64_microsoft.windows.common-controls_6595b64144ccf1df_6.0.22621.3672_none_2713b9d173822955;C:\Program Files\Android\Android Studio\jbr\bin\server

VM Arguments:
java_command: org.jetbrains.kotlin.cli.jvm.K2JVMCompiler @C:\Users\HP\AndroidStudioProjects\ZenVault\app\build\20241209_9195124020547542651.compiler.options
java_class_path (initial): C:\Users\HP\.gradle\caches\modules-2\files-2.1\org.jetbrains.kotlin\kotlin-compiler-embeddable\2.0.0\1de310de3446414381282ffc46c3ed3919a4d1da\kotlin-compiler-embeddable-2.0.0.jar;C:\Users\HP\.gradle\caches\modules-2\files-2.1\org.jetbrains.kotlin\kotlin-stdlib\2.0.0\b48df2c4aede9586cc931ead433bc02d6fd7879e\kotlin-stdlib-2.0.0.jar;C:\Users\HP\.gradle\caches\modules-2\files-2.1\org.jetbrains.kotlin\kotlin-script-runtime\2.0.0\fdc27dd047d592fa41d2dfa21e7621287a361612\kotlin-script-runtime-2.0.0.jar;C:\Users\HP\.gradle\caches\modules-2\files-2.1\org.jetbrains.kotlin\kotlin-reflect\1.6.10\1cbe9c92c12a94eea200d23c2bbaedaf3daf5132\kotlin-reflect-1.6.10.jar;C:\Users\HP\.gradle\caches\modules-2\files-2.1\org.jetbrains.kotlin\kotlin-daemon-embeddable\2.0.0\b39c612768614c4428c96ee9c65477181fffe9d\kotlin-daemon-embeddable-2.0.0.jar;C:\Users\HP\.gradle\caches\modules-2\files-2.1\org.jetbrains.intellij.deps\trove4j\1.0.20200330\3afb14d5f9ceb459d724e907a21145e8ff394f02\trove4j-1.0.20200330.jar;C:\Users\HP\.gradle\caches\modules-2\files-2.1\org.jetbrains\annotations\13.0\919f0dfe192fb4e063e7dacadee7f8bb9a2672a9\annotations-13.0.jar
Launcher Type: SUN_STANDARD

[Global flags]
     intx CICompilerCount                          = 4                                         {product} {ergonomic}
     uint ConcGCThreads                            = 2                                         {product} {ergonomic}
     uint G1ConcRefinementThreads                  = 8                                         {product} {ergonomic}
   size_t G1HeapRegionSize                         = 1048576                                   {product} {ergonomic}
    uintx GCDrainStackTargetSize                   = 64                                        {product} {ergonomic}
   size_t InitialHeapSize                          = 132120576                                 {product} {ergonomic}
   size_t MarkStackSize                            = 4194304                                   {product} {ergonomic}
   size_t MaxHeapSize                              = 2107637760                                {product} {ergonomic}
   size_t MaxNewSize                               = 1264582656                                {product} {ergonomic}
   size_t MinHeapDeltaBytes                        = 1048576                                   {product} {ergonomic}
   size_t MinHeapSize                              = 8388608                                   {product} {ergonomic}
    uintx NonNMethodCodeHeapSize                   = 5839372                                {pd product} {ergonomic}
    uintx NonProfiledCodeHeapSize                  = 122909434                              {pd product} {ergonomic}
    uintx ProfiledCodeHeapSize                     = 122909434                              {pd product} {ergonomic}
    uintx ReservedCodeCacheSize                    = 251658240                              {pd product} {ergonomic}
     bool SegmentedCodeCache                       = true                                      {product} {ergonomic}
   size_t SoftMaxHeapSize                          = 2107637760                             {manageable} {ergonomic}
     bool UseCompressedOops                        = true                           {product lp64_product} {ergonomic}
     bool UseG1GC                                  = true                                      {product} {ergonomic}
     bool UseLargePagesIndividualAllocation        = false                                  {pd product} {ergonomic}

Logging:
Log output configuration:
 #0: stdout all=warning uptime,level,tags foldmultilines=false
 #1: stderr all=off uptime,level,tags foldmultilines=false

Environment Variables:
PATH=C:\Program Files\Common Files\Oracle\Java\javapath;C:\Program Files (x86)\NVIDIA Corporation\PhysX\Common;C:\WINDOWS\system32;C:\Windows\System32;C:\WINDOWS;C:\WINDOWS\System32\Wbem;C:\WINDOWS\System32\WindowsPowerShell\v1.0\;C:\WINDOWS\System32\OpenSSH\;C:\Users\HP\AppData\Local\Programs\Python\Python38;C:\source\kotlinc\bin;C:\flutter\bin;C:\Users\HP\AppData\Local\Pub\Cache\bin;C:\Program Files\nodejs\;C:\source\mingw64\bin;C:\Program Files (x86)\Intel\Intel(R) Management Engine Components\DAL;C:\Program Files\Intel\Intel(R) Management Engine Components\DAL;C:\Program Files\Eclipse Adoptium\jdk-17.0.7.7-hotspot\bin;C:\Program Files\Docker\Docker\resources\bin;C:\Program Files\Git\cmd;C:\Users\HP\AppData\Local\Microsoft\WindowsApps;C:\Users\HP\AppData\Local\Programs\Microsoft VS Code\bin;C:\source\kotlinc\bin;C:\Users\HP\AppData\Local\Pub\Cache\bin;C:\Users\HP\AppData\Roaming\npm;;C:\Program Files\JetBrains\IntelliJ IDEA Community Edition 2024.1.4\bin;
USERNAME=HP
OS=Windows_NT
PROCESSOR_IDENTIFIER=Intel64 Family 6 Model 142 Stepping 10, GenuineIntel
TMP=C:\Users\HP\AppData\Local\Temp
TEMP=C:\Users\HP\AppData\Local\Temp




Periodic native trim disabled

JNI global refs:
JNI global refs: 12, weak refs: 5

JNI global refs memory usage: 835, weak refs: 833

Process memory usage:
Resident Set Size: 281340K (3% of 8228048K total physical memory with 606892K free physical memory)

OOME stack traces (most recent first):
Classloader memory used:
Loader jdk.internal.loader.ClassLoaders$AppClassLoader                                 : 37538K
Loader bootstrap                                                                       : 10609K
Loader java.net.URLClassLoader                                                         : 232K

---------------  S Y S T E M  ---------------

OS:
 Windows 11 , 64 bit Build 22621 (10.0.22621.3958)
OS uptime: 2 days 22:33 hours
Hyper-V role detected

CPU: total 8 (initial active 8) (4 cores per cpu, 2 threads per core) family 6 model 142 stepping 10 microcode 0xf4, cx8, cmov, fxsr, ht, mmx, 3dnowpref, sse, sse2, sse3, ssse3, sse4.1, sse4.2, popcnt, lzcnt, tsc, tscinvbit, avx, avx2, aes, erms, clmul, bmi1, bmi2, adx, fma, vzeroupper, clflush, clflushopt, hv, rdtscp, f16c
Processor Information for all 8 processors :
  Max Mhz: 1800, Current Mhz: 1600, Mhz Limit: 1584

Memory: 4k page, system-wide physical 8035M (592M free)
TotalPageFile size 16227M (AvailPageFile size 5M)
current process WorkingSet (physical memory assigned to process): 274M, peak: 274M
current process commit charge ("private bytes"): 314M, peak: 315M

vm_info: OpenJDK 64-Bit Server VM (21.0.3+-12282718-b509.11) for windows-amd64 JRE (21.0.3+-12282718-b509.11), built on 2024-08-27T17:34:15Z by "builder" with MS VC++ 16.10 / 16.11 (VS2019)

END.
